C:\Users\Rorro\Desktop\PruebaXMS\PruebaXMS.UI.Angular7\dist\out-tsc\src\app\models\pais.model.js
C:\Users\Rorro\Desktop\PruebaXMS\PruebaXMS.UI.Angular7\dist\out-tsc\src\app\models\pais.model.js.map
C:\Users\Rorro\Desktop\PruebaXMS\PruebaXMS.UI.Angular7\dist\out-tsc\src\app\models\user.model.js
C:\Users\Rorro\Desktop\PruebaXMS\PruebaXMS.UI.Angular7\dist\out-tsc\src\app\models\user.model.js.map
C:\Users\Rorro\Desktop\PruebaXMS\PruebaXMS.UI.Angular7\dist\out-tsc\src\app\services\usuario.service.js
C:\Users\Rorro\Desktop\PruebaXMS\PruebaXMS.UI.Angular7\dist\out-tsc\src\app\services\usuario.service.js.map
C:\Users\Rorro\Desktop\PruebaXMS\PruebaXMS.UI.Angular7\dist\out-tsc\src\app\services\pais.service.js
C:\Users\Rorro\Desktop\PruebaXMS\PruebaXMS.UI.Angular7\dist\out-tsc\src\app\services\pais.service.js.map
C:\Users\Rorro\Desktop\PruebaXMS\PruebaXMS.UI.Angular7\dist\out-tsc\src\app\components\administracion\usuario\usuario.component.js
C:\Users\Rorro\Desktop\PruebaXMS\PruebaXMS.UI.Angular7\dist\out-tsc\src\app\components\administracion\usuario\usuario.component.js.map
C:\Users\Rorro\Desktop\PruebaXMS\PruebaXMS.UI.Angular7\dist\out-tsc\src\app\components\administracion\usuario\usuarios.component.js
C:\Users\Rorro\Desktop\PruebaXMS\PruebaXMS.UI.Angular7\dist\out-tsc\src\app\components\administracion\usuario\usuarios.component.js.map
C:\Users\Rorro\Desktop\PruebaXMS\PruebaXMS.UI.Angular7\dist\out-tsc\src\app\app.routes.js
C:\Users\Rorro\Desktop\PruebaXMS\PruebaXMS.UI.Angular7\dist\out-tsc\src\app\app.routes.js.map
C:\Users\Rorro\Desktop\PruebaXMS\PruebaXMS.UI.Angular7\dist\out-tsc\src\app\app.component.js
C:\Users\Rorro\Desktop\PruebaXMS\PruebaXMS.UI.Angular7\dist\out-tsc\src\app\app.component.js.map
C:\Users\Rorro\Desktop\PruebaXMS\PruebaXMS.UI.Angular7\dist\out-tsc\src\app\components\menu\header\header.component.js
C:\Users\Rorro\Desktop\PruebaXMS\PruebaXMS.UI.Angular7\dist\out-tsc\src\app\components\menu\header\header.component.js.map
C:\Users\Rorro\Desktop\PruebaXMS\PruebaXMS.UI.Angular7\dist\out-tsc\src\app\components\menu\footer\footer.component.js
C:\Users\Rorro\Desktop\PruebaXMS\PruebaXMS.UI.Angular7\dist\out-tsc\src\app\components\menu\footer\footer.component.js.map
C:\Users\Rorro\Desktop\PruebaXMS\PruebaXMS.UI.Angular7\dist\out-tsc\src\app\app.module.js
C:\Users\Rorro\Desktop\PruebaXMS\PruebaXMS.UI.Angular7\dist\out-tsc\src\app\app.module.js.map
C:\Users\Rorro\Desktop\PruebaXMS\PruebaXMS.UI.Angular7\dist\out-tsc\src\environments\environment.js
C:\Users\Rorro\Desktop\PruebaXMS\PruebaXMS.UI.Angular7\dist\out-tsc\src\environments\environment.js.map
C:\Users\Rorro\Desktop\PruebaXMS\PruebaXMS.UI.Angular7\dist\out-tsc\src\main.js
C:\Users\Rorro\Desktop\PruebaXMS\PruebaXMS.UI.Angular7\dist\out-tsc\src\main.js.map
C:\Users\Rorro\Desktop\PruebaXMS\PruebaXMS.UI.Angular7\dist\out-tsc\src\polyfills.js
C:\Users\Rorro\Desktop\PruebaXMS\PruebaXMS.UI.Angular7\dist\out-tsc\src\polyfills.js.map
C:\Users\Rorro\Desktop\PruebaXMS\PruebaXMS.UI.Angular7\dist\out-tsc\e2e\src\app.po.js
C:\Users\Rorro\Desktop\PruebaXMS\PruebaXMS.UI.Angular7\dist\out-tsc\e2e\src\app.po.js.map
C:\Users\Rorro\Desktop\PruebaXMS\PruebaXMS.UI.Angular7\dist\out-tsc\e2e\src\app.e2e-spec.js
C:\Users\Rorro\Desktop\PruebaXMS\PruebaXMS.UI.Angular7\dist\out-tsc\e2e\src\app.e2e-spec.js.map
C:\Users\Rorro\Desktop\PruebaXMS\PruebaXMS.UI.Angular7\dist\out-tsc\src\app\app.component.spec.js
C:\Users\Rorro\Desktop\PruebaXMS\PruebaXMS.UI.Angular7\dist\out-tsc\src\app\app.component.spec.js.map
C:\Users\Rorro\Desktop\PruebaXMS\PruebaXMS.UI.Angular7\dist\out-tsc\src\environments\environment.prod.js
C:\Users\Rorro\Desktop\PruebaXMS\PruebaXMS.UI.Angular7\dist\out-tsc\src\environments\environment.prod.js.map
